composeApp/build/intermediates/manifest_merge_blame_file/debug/processDebugMainManifest/manifest-merger-blame-debug-report.txt
1<?xml version="1.0" encoding="utf-8"?>
2<manifest xmlns:android="http://schemas.android.com/apk/res/android"
3    package="br.com.mobapps.fisiocontrol"
4    android:versionCode="1"
5    android:versionName="1.0.0" >
6
7    <uses-sdk
8        android:minSdkVersion="26"
9        android:targetSdkVersion="35" />
10
11    <uses-permission android:name="android.permission.INTERNET" />
11-->src\androidMain\AndroidManifest.xml:4:5-67
11-->src\androidMain\AndroidManifest.xml:4:22-64
12
13    <permission
13-->[androidx.core:core:1.15.0] AndroidManifest.xml:22:5-24:47
14        android:name="br.com.mobapps.fisiocontrol.DYNAMIC_RECEIVER_NOT_EXPORTED_PERMISSION"
14-->[androidx.core:core:1.15.0] AndroidManifest.xml:23:9-81
15        android:protectionLevel="signature" />
15-->[androidx.core:core:1.15.0] AndroidManifest.xml:24:9-44
16
17    <uses-permission android:name="br.com.mobapps.fisiocontrol.DYNAMIC_RECEIVER_NOT_EXPORTED_PERMISSION" />
17-->[androidx.core:core:1.15.0] AndroidManifest.xml:26:5-97
17-->[androidx.core:core:1.15.0] AndroidManifest.xml:26:22-94
18
19    <application
19-->src\androidMain\AndroidManifest.xml:6:5-23:19
20        android:allowBackup="true"
20-->src\androidMain\AndroidManifest.xml:7:9-35
21        android:appComponentFactory="androidx.core.app.CoreComponentFactory"
21-->[androidx.core:core:1.15.0] AndroidManifest.xml:28:18-86
22        android:debuggable="true"
23        android:extractNativeLibs="false"
24        android:icon="@mipmap/ic_launcher"
24-->src\androidMain\AndroidManifest.xml:8:9-43
25        android:label="@string/app_name"
25-->src\androidMain\AndroidManifest.xml:9:9-41
26        android:supportsRtl="true"
26-->src\androidMain\AndroidManifest.xml:11:9-35
27        android:theme="@style/Theme.FisioControl" >
27-->src\androidMain\AndroidManifest.xml:10:9-50
28        <activity
28-->src\androidMain\AndroidManifest.xml:13:9-22:20
29            android:name="br.com.mobapps.fisiocontrol.MainActivity"
29-->src\androidMain\AndroidManifest.xml:14:13-68
30            android:configChanges="orientation|screenSize|screenLayout|keyboardHidden"
30-->src\androidMain\AndroidManifest.xml:16:13-87
31            android:exported="true"
31-->src\androidMain\AndroidManifest.xml:15:13-36
32            android:windowSoftInputMode="adjustResize" >
32-->src\androidMain\AndroidManifest.xml:17:13-55
33            <intent-filter>
33-->src\androidMain\AndroidManifest.xml:18:13-21:29
34                <action android:name="android.intent.action.MAIN" />
34-->src\androidMain\AndroidManifest.xml:19:17-69
34-->src\androidMain\AndroidManifest.xml:19:25-66
35
36                <category android:name="android.intent.category.LAUNCHER" />
36-->src\androidMain\AndroidManifest.xml:20:17-77
36-->src\androidMain\AndroidManifest.xml:20:27-74
37            </intent-filter>
38        </activity>
39
40        <provider
40-->[org.jetbrains.compose.components:components-resources-android:1.8.1] AndroidManifest.xml:8:9-13:20
41            android:name="org.jetbrains.compose.resources.AndroidContextProvider"
41-->[org.jetbrains.compose.components:components-resources-android:1.8.1] AndroidManifest.xml:9:13-82
42            android:authorities="br.com.mobapps.fisiocontrol.resources.AndroidContextProvider"
42-->[org.jetbrains.compose.components:components-resources-android:1.8.1] AndroidManifest.xml:10:13-84
43            android:enabled="true"
43-->[org.jetbrains.compose.components:components-resources-android:1.8.1] AndroidManifest.xml:11:13-35
44            android:exported="false" >
44-->[org.jetbrains.compose.components:components-resources-android:1.8.1] AndroidManifest.xml:12:13-37
45        </provider>
46        <provider
46-->[io.github.jan-tennert.supabase:auth-kt-android-debug:3.1.4] AndroidManifest.xml:9:9-17:20
47            android:name="androidx.startup.InitializationProvider"
47-->[io.github.jan-tennert.supabase:auth-kt-android-debug:3.1.4] AndroidManifest.xml:10:13-67
48            android:authorities="br.com.mobapps.fisiocontrol.androidx-startup"
48-->[io.github.jan-tennert.supabase:auth-kt-android-debug:3.1.4] AndroidManifest.xml:11:13-68
49            android:exported="false" >
49-->[io.github.jan-tennert.supabase:auth-kt-android-debug:3.1.4] AndroidManifest.xml:12:13-37
50            <meta-data
50-->[io.github.jan-tennert.supabase:auth-kt-android-debug:3.1.4] AndroidManifest.xml:14:13-16:52
51                android:name="io.github.jan.supabase.auth.SupabaseInitializer"
51-->[io.github.jan-tennert.supabase:auth-kt-android-debug:3.1.4] AndroidManifest.xml:15:17-79
52                android:value="androidx.startup" />
52-->[io.github.jan-tennert.supabase:auth-kt-android-debug:3.1.4] AndroidManifest.xml:16:17-49
53            <meta-data
53-->[androidx.emoji2:emoji2:1.4.0] AndroidManifest.xml:29:13-31:52
54                android:name="androidx.emoji2.text.EmojiCompatInitializer"
54-->[androidx.emoji2:emoji2:1.4.0] AndroidManifest.xml:30:17-75
55                android:value="androidx.startup" />
55-->[androidx.emoji2:emoji2:1.4.0] AndroidManifest.xml:31:17-49
56            <meta-data
56-->[androidx.lifecycle:lifecycle-process:2.9.3] AndroidManifest.xml:29:13-31:52
57                android:name="androidx.lifecycle.ProcessLifecycleInitializer"
57-->[androidx.lifecycle:lifecycle-process:2.9.3] AndroidManifest.xml:30:17-78
58                android:value="androidx.startup" />
58-->[androidx.lifecycle:lifecycle-process:2.9.3] AndroidManifest.xml:31:17-49
59            <meta-data
59-->[com.russhwolf:multiplatform-settings-no-arg-android-debug:1.3.0] AndroidManifest.xml:29:13-31:52
60                android:name="com.russhwolf.settings.SettingsInitializer"
60-->[com.russhwolf:multiplatform-settings-no-arg-android-debug:1.3.0] AndroidManifest.xml:30:17-74
61                android:value="androidx.startup" />
61-->[com.russhwolf:multiplatform-settings-no-arg-android-debug:1.3.0] AndroidManifest.xml:31:17-49
62            <meta-data
62-->[androidx.profileinstaller:profileinstaller:1.4.0] AndroidManifest.xml:29:13-31:52
63                android:name="androidx.profileinstaller.ProfileInstallerInitializer"
63-->[androidx.profileinstaller:profileinstaller:1.4.0] AndroidManifest.xml:30:17-85
64                android:value="androidx.startup" />
64-->[androidx.profileinstaller:profileinstaller:1.4.0] AndroidManifest.xml:31:17-49
65        </provider>
66
67        <receiver
67-->[androidx.profileinstaller:profileinstaller:1.4.0] AndroidManifest.xml:34:9-52:20
68            android:name="androidx.profileinstaller.ProfileInstallReceiver"
68-->[androidx.profileinstaller:profileinstaller:1.4.0] AndroidManifest.xml:35:13-76
69            android:directBootAware="false"
69-->[androidx.profileinstaller:profileinstaller:1.4.0] AndroidManifest.xml:36:13-44
70            android:enabled="true"
70-->[androidx.profileinstaller:profileinstaller:1.4.0] AndroidManifest.xml:37:13-35
71            android:exported="true"
71-->[androidx.profileinstaller:profileinstaller:1.4.0] AndroidManifest.xml:38:13-36
72            android:permission="android.permission.DUMP" >
72-->[androidx.profileinstaller:profileinstaller:1.4.0] AndroidManifest.xml:39:13-57
73            <intent-filter>
73-->[androidx.profileinstaller:profileinstaller:1.4.0] AndroidManifest.xml:40:13-42:29
74                <action android:name="androidx.profileinstaller.action.INSTALL_PROFILE" />
74-->[androidx.profileinstaller:profileinstaller:1.4.0] AndroidManifest.xml:41:17-91
74-->[androidx.profileinstaller:profileinstaller:1.4.0] AndroidManifest.xml:41:25-88
75            </intent-filter>
76            <intent-filter>
76-->[androidx.profileinstaller:profileinstaller:1.4.0] AndroidManifest.xml:43:13-45:29
77                <action android:name="androidx.profileinstaller.action.SKIP_FILE" />
77-->[androidx.profileinstaller:profileinstaller:1.4.0] AndroidManifest.xml:44:17-85
77-->[androidx.profileinstaller:profileinstaller:1.4.0] AndroidManifest.xml:44:25-82
78            </intent-filter>
79            <intent-filter>
79-->[androidx.profileinstaller:profileinstaller:1.4.0] AndroidManifest.xml:46:13-48:29
80                <action android:name="androidx.profileinstaller.action.SAVE_PROFILE" />
80-->[androidx.profileinstaller:profileinstaller:1.4.0] AndroidManifest.xml:47:17-88
80-->[androidx.profileinstaller:profileinstaller:1.4.0] AndroidManifest.xml:47:25-85
81            </intent-filter>
82            <intent-filter>
82-->[androidx.profileinstaller:profileinstaller:1.4.0] AndroidManifest.xml:49:13-51:29
83                <action android:name="androidx.profileinstaller.action.BENCHMARK_OPERATION" />
83-->[androidx.profileinstaller:profileinstaller:1.4.0] AndroidManifest.xml:50:17-95
83-->[androidx.profileinstaller:profileinstaller:1.4.0] AndroidManifest.xml:50:25-92
84            </intent-filter>
85        </receiver>
86    </application>
87
88</manifest>